2021-04-19 20:28:22,180 [Worker-5: Loading available Gradle versions] INFO  o.e.b.c.i.u.g.PublishedGradleVersions - Gradle version information cache is out-of-date. Trying to update.
2021-04-19 20:29:09,383 [Worker-8: Repository registry initialization] WARN  o.e.m.c.internal.embedder.MavenImpl - Failed to decrypt password for server central: org.sonatype.plexus.components.sec.dispatcher.SecDispatcherException: java.io.FileNotFoundException: C:\Users\logonrmlocal\.m2\settings-security.xml (The system cannot find the file specified)
org.sonatype.plexus.components.sec.dispatcher.SecDispatcherException: org.sonatype.plexus.components.sec.dispatcher.SecDispatcherException: java.io.FileNotFoundException: C:\Users\logonrmlocal\.m2\settings-security.xml (The system cannot find the file specified)
	at org.sonatype.plexus.components.sec.dispatcher.DefaultSecDispatcher.decrypt(DefaultSecDispatcher.java:121) ~[plexus-sec-dispatcher-1.4.jar:na]
	at org.apache.maven.settings.crypto.DefaultSettingsDecrypter.decrypt(DefaultSettingsDecrypter.java:107) ~[maven-settings-builder-3.6.1.jar:3.6.1]
	at org.apache.maven.settings.crypto.DefaultSettingsDecrypter.decrypt(DefaultSettingsDecrypter.java:63) ~[maven-settings-builder-3.6.1.jar:3.6.1]
	at org.eclipse.m2e.core.internal.embedder.MavenImpl.decryptPassword(MavenImpl.java:543) ~[org.eclipse.m2e.core_1.12.0.20190529-1916.jar:na]
	at org.eclipse.m2e.core.internal.repository.RepositoryRegistry.getAuthenticationInfo(RepositoryRegistry.java:214) [org.eclipse.m2e.core_1.12.0.20190529-1916.jar:na]
	at org.eclipse.m2e.core.internal.repository.RepositoryRegistry.updateRegistry(RepositoryRegistry.java:258) [org.eclipse.m2e.core_1.12.0.20190529-1916.jar:na]
	at org.eclipse.m2e.core.internal.repository.RepositoryRegistryUpdateJob.run(RepositoryRegistryUpdateJob.java:47) [org.eclipse.m2e.core_1.12.0.20190529-1916.jar:na]
	at org.eclipse.core.internal.jobs.Worker.run(Worker.java:63) [org.eclipse.core.jobs_3.10.400.v20190506-1457.jar:na]
Caused by: org.sonatype.plexus.components.sec.dispatcher.SecDispatcherException: java.io.FileNotFoundException: C:\Users\logonrmlocal\.m2\settings-security.xml (The system cannot find the file specified)
	at org.sonatype.plexus.components.sec.dispatcher.SecUtil.read(SecUtil.java:69) ~[plexus-sec-dispatcher-1.4.jar:na]
	at org.sonatype.plexus.components.sec.dispatcher.DefaultSecDispatcher.getSec(DefaultSecDispatcher.java:206) ~[plexus-sec-dispatcher-1.4.jar:na]
	at org.sonatype.plexus.components.sec.dispatcher.DefaultSecDispatcher.decrypt(DefaultSecDispatcher.java:90) ~[plexus-sec-dispatcher-1.4.jar:na]
	... 7 common frames omitted
Caused by: java.io.FileNotFoundException: C:\Users\logonrmlocal\.m2\settings-security.xml (The system cannot find the file specified)
	at java.io.FileInputStream.open0(Native Method) ~[na:1.8.0_212]
	at java.io.FileInputStream.open(Unknown Source) ~[na:1.8.0_212]
	at java.io.FileInputStream.<init>(Unknown Source) ~[na:1.8.0_212]
	at org.sonatype.plexus.components.sec.dispatcher.SecUtil.toStream(SecUtil.java:100) ~[plexus-sec-dispatcher-1.4.jar:na]
	at org.sonatype.plexus.components.sec.dispatcher.SecUtil.read(SecUtil.java:56) ~[plexus-sec-dispatcher-1.4.jar:na]
	... 9 common frames omitted
2021-04-19 20:29:09,538 [Worker-8: Repository registry initialization] WARN  o.e.m.c.internal.embedder.MavenImpl - Failed to decrypt password for server snapshots: org.sonatype.plexus.components.sec.dispatcher.SecDispatcherException: java.io.FileNotFoundException: C:\Users\logonrmlocal\.m2\settings-security.xml (The system cannot find the file specified)
org.sonatype.plexus.components.sec.dispatcher.SecDispatcherException: org.sonatype.plexus.components.sec.dispatcher.SecDispatcherException: java.io.FileNotFoundException: C:\Users\logonrmlocal\.m2\settings-security.xml (The system cannot find the file specified)
	at org.sonatype.plexus.components.sec.dispatcher.DefaultSecDispatcher.decrypt(DefaultSecDispatcher.java:121) ~[plexus-sec-dispatcher-1.4.jar:na]
	at org.apache.maven.settings.crypto.DefaultSettingsDecrypter.decrypt(DefaultSettingsDecrypter.java:107) ~[maven-settings-builder-3.6.1.jar:3.6.1]
	at org.apache.maven.settings.crypto.DefaultSettingsDecrypter.decrypt(DefaultSettingsDecrypter.java:63) ~[maven-settings-builder-3.6.1.jar:3.6.1]
	at org.eclipse.m2e.core.internal.embedder.MavenImpl.decryptPassword(MavenImpl.java:543) ~[org.eclipse.m2e.core_1.12.0.20190529-1916.jar:na]
	at org.eclipse.m2e.core.internal.repository.RepositoryRegistry.getAuthenticationInfo(RepositoryRegistry.java:214) [org.eclipse.m2e.core_1.12.0.20190529-1916.jar:na]
	at org.eclipse.m2e.core.internal.repository.RepositoryRegistry.updateRegistry(RepositoryRegistry.java:258) [org.eclipse.m2e.core_1.12.0.20190529-1916.jar:na]
	at org.eclipse.m2e.core.internal.repository.RepositoryRegistryUpdateJob.run(RepositoryRegistryUpdateJob.java:47) [org.eclipse.m2e.core_1.12.0.20190529-1916.jar:na]
	at org.eclipse.core.internal.jobs.Worker.run(Worker.java:63) [org.eclipse.core.jobs_3.10.400.v20190506-1457.jar:na]
Caused by: org.sonatype.plexus.components.sec.dispatcher.SecDispatcherException: java.io.FileNotFoundException: C:\Users\logonrmlocal\.m2\settings-security.xml (The system cannot find the file specified)
	at org.sonatype.plexus.components.sec.dispatcher.SecUtil.read(SecUtil.java:69) ~[plexus-sec-dispatcher-1.4.jar:na]
	at org.sonatype.plexus.components.sec.dispatcher.DefaultSecDispatcher.getSec(DefaultSecDispatcher.java:206) ~[plexus-sec-dispatcher-1.4.jar:na]
	at org.sonatype.plexus.components.sec.dispatcher.DefaultSecDispatcher.decrypt(DefaultSecDispatcher.java:90) ~[plexus-sec-dispatcher-1.4.jar:na]
	... 7 common frames omitted
Caused by: java.io.FileNotFoundException: C:\Users\logonrmlocal\.m2\settings-security.xml (The system cannot find the file specified)
	at java.io.FileInputStream.open0(Native Method) ~[na:1.8.0_212]
	at java.io.FileInputStream.open(Unknown Source) ~[na:1.8.0_212]
	at java.io.FileInputStream.<init>(Unknown Source) ~[na:1.8.0_212]
	at org.sonatype.plexus.components.sec.dispatcher.SecUtil.toStream(SecUtil.java:100) ~[plexus-sec-dispatcher-1.4.jar:na]
	at org.sonatype.plexus.components.sec.dispatcher.SecUtil.read(SecUtil.java:56) ~[plexus-sec-dispatcher-1.4.jar:na]
	... 9 common frames omitted
2021-04-19 20:29:09,646 [Worker-8: Repository registry initialization] WARN  o.e.m.c.internal.embedder.MavenImpl - Failed to decrypt password for server central: org.sonatype.plexus.components.sec.dispatcher.SecDispatcherException: java.io.FileNotFoundException: C:\Users\logonrmlocal\.m2\settings-security.xml (The system cannot find the file specified)
org.sonatype.plexus.components.sec.dispatcher.SecDispatcherException: org.sonatype.plexus.components.sec.dispatcher.SecDispatcherException: java.io.FileNotFoundException: C:\Users\logonrmlocal\.m2\settings-security.xml (The system cannot find the file specified)
	at org.sonatype.plexus.components.sec.dispatcher.DefaultSecDispatcher.decrypt(DefaultSecDispatcher.java:121) ~[plexus-sec-dispatcher-1.4.jar:na]
	at org.apache.maven.settings.crypto.DefaultSettingsDecrypter.decrypt(DefaultSettingsDecrypter.java:107) ~[maven-settings-builder-3.6.1.jar:3.6.1]
	at org.apache.maven.settings.crypto.DefaultSettingsDecrypter.decrypt(DefaultSettingsDecrypter.java:63) ~[maven-settings-builder-3.6.1.jar:3.6.1]
	at org.eclipse.m2e.core.internal.embedder.MavenImpl.decryptPassword(MavenImpl.java:543) ~[org.eclipse.m2e.core_1.12.0.20190529-1916.jar:na]
	at org.eclipse.m2e.core.internal.repository.RepositoryRegistry.getAuthenticationInfo(RepositoryRegistry.java:214) [org.eclipse.m2e.core_1.12.0.20190529-1916.jar:na]
	at org.eclipse.m2e.core.internal.repository.RepositoryRegistry.updateRegistry(RepositoryRegistry.java:258) [org.eclipse.m2e.core_1.12.0.20190529-1916.jar:na]
	at org.eclipse.m2e.core.internal.repository.RepositoryRegistryUpdateJob.run(RepositoryRegistryUpdateJob.java:47) [org.eclipse.m2e.core_1.12.0.20190529-1916.jar:na]
	at org.eclipse.core.internal.jobs.Worker.run(Worker.java:63) [org.eclipse.core.jobs_3.10.400.v20190506-1457.jar:na]
Caused by: org.sonatype.plexus.components.sec.dispatcher.SecDispatcherException: java.io.FileNotFoundException: C:\Users\logonrmlocal\.m2\settings-security.xml (The system cannot find the file specified)
	at org.sonatype.plexus.components.sec.dispatcher.SecUtil.read(SecUtil.java:69) ~[plexus-sec-dispatcher-1.4.jar:na]
	at org.sonatype.plexus.components.sec.dispatcher.DefaultSecDispatcher.getSec(DefaultSecDispatcher.java:206) ~[plexus-sec-dispatcher-1.4.jar:na]
	at org.sonatype.plexus.components.sec.dispatcher.DefaultSecDispatcher.decrypt(DefaultSecDispatcher.java:90) ~[plexus-sec-dispatcher-1.4.jar:na]
	... 7 common frames omitted
Caused by: java.io.FileNotFoundException: C:\Users\logonrmlocal\.m2\settings-security.xml (The system cannot find the file specified)
	at java.io.FileInputStream.open0(Native Method) ~[na:1.8.0_212]
	at java.io.FileInputStream.open(Unknown Source) ~[na:1.8.0_212]
	at java.io.FileInputStream.<init>(Unknown Source) ~[na:1.8.0_212]
	at org.sonatype.plexus.components.sec.dispatcher.SecUtil.toStream(SecUtil.java:100) ~[plexus-sec-dispatcher-1.4.jar:na]
	at org.sonatype.plexus.components.sec.dispatcher.SecUtil.read(SecUtil.java:56) ~[plexus-sec-dispatcher-1.4.jar:na]
	... 9 common frames omitted
2021-04-19 20:29:09,649 [Worker-8: Repository registry initialization] WARN  o.e.m.c.internal.embedder.MavenImpl - Failed to decrypt password for server snapshots: org.sonatype.plexus.components.sec.dispatcher.SecDispatcherException: java.io.FileNotFoundException: C:\Users\logonrmlocal\.m2\settings-security.xml (The system cannot find the file specified)
org.sonatype.plexus.components.sec.dispatcher.SecDispatcherException: org.sonatype.plexus.components.sec.dispatcher.SecDispatcherException: java.io.FileNotFoundException: C:\Users\logonrmlocal\.m2\settings-security.xml (The system cannot find the file specified)
	at org.sonatype.plexus.components.sec.dispatcher.DefaultSecDispatcher.decrypt(DefaultSecDispatcher.java:121) ~[plexus-sec-dispatcher-1.4.jar:na]
	at org.apache.maven.settings.crypto.DefaultSettingsDecrypter.decrypt(DefaultSettingsDecrypter.java:107) ~[maven-settings-builder-3.6.1.jar:3.6.1]
	at org.apache.maven.settings.crypto.DefaultSettingsDecrypter.decrypt(DefaultSettingsDecrypter.java:63) ~[maven-settings-builder-3.6.1.jar:3.6.1]
	at org.eclipse.m2e.core.internal.embedder.MavenImpl.decryptPassword(MavenImpl.java:543) ~[org.eclipse.m2e.core_1.12.0.20190529-1916.jar:na]
	at org.eclipse.m2e.core.internal.repository.RepositoryRegistry.getAuthenticationInfo(RepositoryRegistry.java:214) [org.eclipse.m2e.core_1.12.0.20190529-1916.jar:na]
	at org.eclipse.m2e.core.internal.repository.RepositoryRegistry.updateRegistry(RepositoryRegistry.java:258) [org.eclipse.m2e.core_1.12.0.20190529-1916.jar:na]
	at org.eclipse.m2e.core.internal.repository.RepositoryRegistryUpdateJob.run(RepositoryRegistryUpdateJob.java:47) [org.eclipse.m2e.core_1.12.0.20190529-1916.jar:na]
	at org.eclipse.core.internal.jobs.Worker.run(Worker.java:63) [org.eclipse.core.jobs_3.10.400.v20190506-1457.jar:na]
Caused by: org.sonatype.plexus.components.sec.dispatcher.SecDispatcherException: java.io.FileNotFoundException: C:\Users\logonrmlocal\.m2\settings-security.xml (The system cannot find the file specified)
	at org.sonatype.plexus.components.sec.dispatcher.SecUtil.read(SecUtil.java:69) ~[plexus-sec-dispatcher-1.4.jar:na]
	at org.sonatype.plexus.components.sec.dispatcher.DefaultSecDispatcher.getSec(DefaultSecDispatcher.java:206) ~[plexus-sec-dispatcher-1.4.jar:na]
	at org.sonatype.plexus.components.sec.dispatcher.DefaultSecDispatcher.decrypt(DefaultSecDispatcher.java:90) ~[plexus-sec-dispatcher-1.4.jar:na]
	... 7 common frames omitted
Caused by: java.io.FileNotFoundException: C:\Users\logonrmlocal\.m2\settings-security.xml (The system cannot find the file specified)
	at java.io.FileInputStream.open0(Native Method) ~[na:1.8.0_212]
	at java.io.FileInputStream.open(Unknown Source) ~[na:1.8.0_212]
	at java.io.FileInputStream.<init>(Unknown Source) ~[na:1.8.0_212]
	at org.sonatype.plexus.components.sec.dispatcher.SecUtil.toStream(SecUtil.java:100) ~[plexus-sec-dispatcher-1.4.jar:na]
	at org.sonatype.plexus.components.sec.dispatcher.SecUtil.read(SecUtil.java:56) ~[plexus-sec-dispatcher-1.4.jar:na]
	... 9 common frames omitted
2021-04-19 20:30:33,469 [Worker-5: reload maven project] INFO  o.e.m.c.i.e.AbstractTransferListenerAdapter - Downloaded http://fiaprepodevops.fiap.com.br:8040/artifactory/libs-release/org/jboss/spec/jboss-javaee-6.0/3.0.3.Final/jboss-javaee-6.0-3.0.3.Final.pom
2021-04-19 20:30:33,474 [Worker-5: reload maven project] WARN  o.e.a.i.impl.TrackingFileManager - Failed to create parent directories for tracking file C:\Users\logonrmlocal\.m2\repository\org\jboss\spec\jboss-javaee-6.0\3.0.3.Final\jboss-javaee-6.0-3.0.3.Final.pom.lastUpdated
2021-04-19 20:30:33,484 [Worker-5: reload maven project] INFO  o.e.m.c.i.e.AbstractTransferListenerAdapter - Downloaded http://fiaprepodevops.fiap.com.br:8040/artifactory/libs-snapshot/org/jboss/spec/jboss-javaee-6.0/3.0.3.Final/jboss-javaee-6.0-3.0.3.Final.pom
2021-04-19 20:30:33,485 [Worker-5: reload maven project] WARN  o.e.a.i.impl.TrackingFileManager - Failed to create parent directories for tracking file C:\Users\logonrmlocal\.m2\repository\org\jboss\spec\jboss-javaee-6.0\3.0.3.Final\jboss-javaee-6.0-3.0.3.Final.pom.lastUpdated
2021-04-19 20:59:24,568 [Worker-15: Loading Effective POM...] INFO  o.e.m.c.i.e.AbstractTransferListenerAdapter - Downloaded http://fiaprepodevops.fiap.com.br:8040/artifactory/libs-release/org/jboss/spec/jboss-javaee-6.0/3.0.3.Final/jboss-javaee-6.0-3.0.3.Final.pom
2021-04-19 20:59:24,570 [Worker-15: Loading Effective POM...] WARN  o.e.a.i.impl.TrackingFileManager - Failed to create parent directories for tracking file C:\Users\logonrmlocal\.m2\repository\org\jboss\spec\jboss-javaee-6.0\3.0.3.Final\jboss-javaee-6.0-3.0.3.Final.pom.lastUpdated
2021-04-19 20:59:24,575 [Worker-15: Loading Effective POM...] INFO  o.e.m.c.i.e.AbstractTransferListenerAdapter - Downloaded http://fiaprepodevops.fiap.com.br:8040/artifactory/libs-snapshot/org/jboss/spec/jboss-javaee-6.0/3.0.3.Final/jboss-javaee-6.0-3.0.3.Final.pom
2021-04-19 20:59:24,576 [Worker-15: Loading Effective POM...] WARN  o.e.a.i.impl.TrackingFileManager - Failed to create parent directories for tracking file C:\Users\logonrmlocal\.m2\repository\org\jboss\spec\jboss-javaee-6.0\3.0.3.Final\jboss-javaee-6.0-3.0.3.Final.pom.lastUpdated
2021-04-19 20:59:25,881 [Worker-16: Loading pom.xml] INFO  o.e.m.c.i.e.AbstractTransferListenerAdapter - Downloaded http://fiaprepodevops.fiap.com.br:8040/artifactory/libs-release/org/primefaces/primefaces/10.0.0/primefaces-10.0.0.pom
2021-04-19 20:59:25,882 [Worker-16: Loading pom.xml] WARN  o.e.a.i.impl.TrackingFileManager - Failed to create parent directories for tracking file C:\Users\logonrmlocal\.m2\repository\org\primefaces\primefaces\10.0.0\primefaces-10.0.0.pom.lastUpdated
2021-04-19 20:59:25,887 [Worker-16: Loading pom.xml] INFO  o.e.m.c.i.e.AbstractTransferListenerAdapter - Downloaded http://fiaprepodevops.fiap.com.br:8040/artifactory/libs-snapshot/org/primefaces/primefaces/10.0.0/primefaces-10.0.0.pom
2021-04-19 20:59:25,888 [Worker-16: Loading pom.xml] WARN  o.e.a.i.impl.TrackingFileManager - Failed to create parent directories for tracking file C:\Users\logonrmlocal\.m2\repository\org\primefaces\primefaces\10.0.0\primefaces-10.0.0.pom.lastUpdated
2021-04-19 20:59:25,904 [Worker-16: Loading pom.xml] INFO  o.e.m.c.i.e.AbstractTransferListenerAdapter - Downloaded http://fiaprepodevops.fiap.com.br:8040/artifactory/libs-release/javax/faces/javax.faces-api/2.2/javax.faces-api-2.2.pom
2021-04-19 20:59:25,905 [Worker-16: Loading pom.xml] WARN  o.e.a.i.impl.TrackingFileManager - Failed to create parent directories for tracking file C:\Users\logonrmlocal\.m2\repository\javax\faces\javax.faces-api\2.2\javax.faces-api-2.2.pom.lastUpdated
2021-04-19 20:59:25,909 [Worker-16: Loading pom.xml] INFO  o.e.m.c.i.e.AbstractTransferListenerAdapter - Downloaded http://fiaprepodevops.fiap.com.br:8040/artifactory/libs-snapshot/javax/faces/javax.faces-api/2.2/javax.faces-api-2.2.pom
2021-04-19 20:59:25,911 [Worker-16: Loading pom.xml] WARN  o.e.a.i.impl.TrackingFileManager - Failed to create parent directories for tracking file C:\Users\logonrmlocal\.m2\repository\javax\faces\javax.faces-api\2.2\javax.faces-api-2.2.pom.lastUpdated
2021-04-19 20:59:25,921 [Worker-16: Loading pom.xml] INFO  o.e.m.c.i.e.AbstractTransferListenerAdapter - Downloaded http://fiaprepodevops.fiap.com.br:8040/artifactory/libs-release/org/hibernate/javax/persistence/hibernate-jpa-2.0-api//hibernate-jpa-2.0-api-.pom
2021-04-19 20:59:25,922 [Worker-16: Loading pom.xml] WARN  o.e.a.i.impl.TrackingFileManager - Failed to create parent directories for tracking file C:\Users\logonrmlocal\.m2\repository\org\hibernate\javax\persistence\hibernate-jpa-2.0-api\hibernate-jpa-2.0-api-.pom.lastUpdated
2021-04-19 20:59:25,927 [Worker-16: Loading pom.xml] INFO  o.e.m.c.i.e.AbstractTransferListenerAdapter - Downloaded http://fiaprepodevops.fiap.com.br:8040/artifactory/libs-snapshot/org/hibernate/javax/persistence/hibernate-jpa-2.0-api//hibernate-jpa-2.0-api-.pom
2021-04-19 20:59:25,928 [Worker-16: Loading pom.xml] WARN  o.e.a.i.impl.TrackingFileManager - Failed to create parent directories for tracking file C:\Users\logonrmlocal\.m2\repository\org\hibernate\javax\persistence\hibernate-jpa-2.0-api\hibernate-jpa-2.0-api-.pom.lastUpdated
2021-04-19 20:59:25,939 [Worker-16: Loading pom.xml] INFO  o.e.m.c.i.e.AbstractTransferListenerAdapter - Downloaded http://fiaprepodevops.fiap.com.br:8040/artifactory/libs-release/mysql/mysql-connector-java/8.0.23/mysql-connector-java-8.0.23.pom
2021-04-19 20:59:25,940 [Worker-16: Loading pom.xml] WARN  o.e.a.i.impl.TrackingFileManager - Failed to create parent directories for tracking file C:\Users\logonrmlocal\.m2\repository\mysql\mysql-connector-java\8.0.23\mysql-connector-java-8.0.23.pom.lastUpdated
2021-04-19 20:59:25,947 [Worker-16: Loading pom.xml] INFO  o.e.m.c.i.e.AbstractTransferListenerAdapter - Downloaded http://fiaprepodevops.fiap.com.br:8040/artifactory/libs-snapshot/mysql/mysql-connector-java/8.0.23/mysql-connector-java-8.0.23.pom
2021-04-19 20:59:25,948 [Worker-16: Loading pom.xml] WARN  o.e.a.i.impl.TrackingFileManager - Failed to create parent directories for tracking file C:\Users\logonrmlocal\.m2\repository\mysql\mysql-connector-java\8.0.23\mysql-connector-java-8.0.23.pom.lastUpdated
2021-04-19 20:59:25,967 [Worker-16: Loading pom.xml] INFO  o.e.m.c.i.e.AbstractTransferListenerAdapter - Downloaded http://fiaprepodevops.fiap.com.br:8040/artifactory/libs-release/javax/enterprise/cdi-api/1.1/cdi-api-1.1.pom
2021-04-19 20:59:25,968 [Worker-16: Loading pom.xml] WARN  o.e.a.i.impl.TrackingFileManager - Failed to create parent directories for tracking file C:\Users\logonrmlocal\.m2\repository\javax\enterprise\cdi-api\1.1\cdi-api-1.1.pom.lastUpdated
2021-04-19 20:59:25,971 [Worker-16: Loading pom.xml] INFO  o.e.m.c.i.e.AbstractTransferListenerAdapter - Downloaded http://fiaprepodevops.fiap.com.br:8040/artifactory/libs-snapshot/javax/enterprise/cdi-api/1.1/cdi-api-1.1.pom
2021-04-19 20:59:25,972 [Worker-16: Loading pom.xml] WARN  o.e.a.i.impl.TrackingFileManager - Failed to create parent directories for tracking file C:\Users\logonrmlocal\.m2\repository\javax\enterprise\cdi-api\1.1\cdi-api-1.1.pom.lastUpdated
2021-04-19 20:59:25,996 [Worker-16: Loading pom.xml] ERROR o.e.m.c.embedder.MavenModelManager - Project read error
org.eclipse.aether.collection.DependencyCollectionException: Failed to collect dependencies at org.primefaces:primefaces:jar:10.0.0
	at org.eclipse.aether.internal.impl.collect.DefaultDependencyCollector.collectDependencies(DefaultDependencyCollector.java:284) ~[maven-resolver-impl-1.3.3.jar:1.3.3]
	at org.eclipse.aether.internal.impl.DefaultRepositorySystem.collectDependencies(DefaultRepositorySystem.java:279) ~[maven-resolver-impl-1.3.3.jar:1.3.3]
	at org.eclipse.m2e.core.embedder.MavenModelManager.readDependencyTree(MavenModelManager.java:230) [org.eclipse.m2e.core_1.12.0.20190529-1916.jar:na]
	at org.eclipse.m2e.core.embedder.MavenModelManager$1.call(MavenModelManager.java:187) [org.eclipse.m2e.core_1.12.0.20190529-1916.jar:na]
	at org.eclipse.m2e.core.embedder.MavenModelManager$1.call(MavenModelManager.java:1) [org.eclipse.m2e.core_1.12.0.20190529-1916.jar:na]
	at org.eclipse.m2e.core.internal.embedder.MavenExecutionContext.executeBare(MavenExecutionContext.java:177) [org.eclipse.m2e.core_1.12.0.20190529-1916.jar:na]
	at org.eclipse.m2e.core.internal.embedder.MavenExecutionContext.execute(MavenExecutionContext.java:151) [org.eclipse.m2e.core_1.12.0.20190529-1916.jar:na]
	at org.eclipse.m2e.core.internal.embedder.MavenExecutionContext.execute(MavenExecutionContext.java:99) [org.eclipse.m2e.core_1.12.0.20190529-1916.jar:na]
	at org.eclipse.m2e.core.internal.embedder.MavenImpl.execute(MavenImpl.java:1374) [org.eclipse.m2e.core_1.12.0.20190529-1916.jar:na]
	at org.eclipse.m2e.core.embedder.MavenModelManager.readDependencyTree(MavenModelManager.java:191) [org.eclipse.m2e.core_1.12.0.20190529-1916.jar:na]
	at org.eclipse.m2e.editor.pom.MavenPomEditor.readDependencyTree(MavenPomEditor.java:695) [org.eclipse.m2e.editor_1.12.0.20190529-1916.jar:na]
	at org.eclipse.m2e.editor.pom.DependencyTreePage$1.run(DependencyTreePage.java:222) [org.eclipse.m2e.editor_1.12.0.20190529-1916.jar:na]
	at org.eclipse.core.internal.jobs.Worker.run(Worker.java:63) [org.eclipse.core.jobs_3.10.400.v20190506-1457.jar:na]
Caused by: org.eclipse.aether.resolution.ArtifactDescriptorException: Failed to read artifact descriptor for org.primefaces:primefaces:jar:10.0.0
	at org.apache.maven.repository.internal.DefaultArtifactDescriptorReader.loadPom(DefaultArtifactDescriptorReader.java:255) ~[maven-resolver-provider-3.6.1.jar:3.6.1]
	at org.apache.maven.repository.internal.DefaultArtifactDescriptorReader.readArtifactDescriptor(DefaultArtifactDescriptorReader.java:171) ~[maven-resolver-provider-3.6.1.jar:3.6.1]
	at org.eclipse.aether.internal.impl.collect.DefaultDependencyCollector.resolveCachedArtifactDescriptor(DefaultDependencyCollector.java:530) ~[maven-resolver-impl-1.3.3.jar:1.3.3]
	at org.eclipse.aether.internal.impl.collect.DefaultDependencyCollector.getArtifactDescriptorResult(DefaultDependencyCollector.java:515) ~[maven-resolver-impl-1.3.3.jar:1.3.3]
	at org.eclipse.aether.internal.impl.collect.DefaultDependencyCollector.processDependency(DefaultDependencyCollector.java:403) ~[maven-resolver-impl-1.3.3.jar:1.3.3]
	at org.eclipse.aether.internal.impl.collect.DefaultDependencyCollector.processDependency(DefaultDependencyCollector.java:356) ~[maven-resolver-impl-1.3.3.jar:1.3.3]
	at org.eclipse.aether.internal.impl.collect.DefaultDependencyCollector.process(DefaultDependencyCollector.java:344) ~[maven-resolver-impl-1.3.3.jar:1.3.3]
	at org.eclipse.aether.internal.impl.collect.DefaultDependencyCollector.collectDependencies(DefaultDependencyCollector.java:247) ~[maven-resolver-impl-1.3.3.jar:1.3.3]
	... 12 common frames omitted
Caused by: org.eclipse.aether.resolution.ArtifactResolutionException: Could not transfer artifact org.primefaces:primefaces:pom:10.0.0 from/to central (http://fiaprepodevops.fiap.com.br:8040/artifactory/libs-release): fiaprepodevops.fiap.com.br
	at org.eclipse.aether.internal.impl.DefaultArtifactResolver.resolve(DefaultArtifactResolver.java:423) ~[maven-resolver-impl-1.3.3.jar:1.3.3]
	at org.eclipse.aether.internal.impl.DefaultArtifactResolver.resolveArtifacts(DefaultArtifactResolver.java:225) ~[maven-resolver-impl-1.3.3.jar:1.3.3]
	at org.eclipse.aether.internal.impl.DefaultArtifactResolver.resolveArtifact(DefaultArtifactResolver.java:202) ~[maven-resolver-impl-1.3.3.jar:1.3.3]
	at org.apache.maven.repository.internal.DefaultArtifactDescriptorReader.loadPom(DefaultArtifactDescriptorReader.java:240) ~[maven-resolver-provider-3.6.1.jar:3.6.1]
	... 19 common frames omitted
Caused by: org.eclipse.aether.transfer.ArtifactTransferException: Could not transfer artifact org.primefaces:primefaces:pom:10.0.0 from/to central (http://fiaprepodevops.fiap.com.br:8040/artifactory/libs-release): fiaprepodevops.fiap.com.br
	at io.takari.aether.connector.AetherRepositoryConnector$2.wrap(AetherRepositoryConnector.java:856) ~[aether-connector-okhttp-0.17.6.jar:0.17.6]
	at io.takari.aether.connector.AetherRepositoryConnector$2.wrap(AetherRepositoryConnector.java:1) ~[aether-connector-okhttp-0.17.6.jar:0.17.6]
	at io.takari.aether.connector.AetherRepositoryConnector$GetTask.flush(AetherRepositoryConnector.java:630) ~[aether-connector-okhttp-0.17.6.jar:0.17.6]
	at io.takari.aether.connector.AetherRepositoryConnector.get(AetherRepositoryConnector.java:309) ~[aether-connector-okhttp-0.17.6.jar:0.17.6]
	at org.eclipse.aether.internal.impl.DefaultArtifactResolver.performDownloads(DefaultArtifactResolver.java:499) ~[maven-resolver-impl-1.3.3.jar:1.3.3]
	at org.eclipse.aether.internal.impl.DefaultArtifactResolver.resolve(DefaultArtifactResolver.java:400) ~[maven-resolver-impl-1.3.3.jar:1.3.3]
	... 22 common frames omitted
Caused by: java.net.UnknownHostException: fiaprepodevops.fiap.com.br
	at java.net.InetAddress.getAllByName0(Unknown Source) ~[na:1.8.0_212]
	at java.net.InetAddress.getAllByName(Unknown Source) ~[na:1.8.0_212]
	at java.net.InetAddress.getAllByName(Unknown Source) ~[na:1.8.0_212]
	at okhttp3.Dns.lambda$static$0(Dns.java:39) ~[okhttp-3.14.1.jar:na]
	at okhttp3.internal.connection.RouteSelector.resetNextInetSocketAddress(RouteSelector.java:171) ~[okhttp-3.14.1.jar:na]
	at okhttp3.internal.connection.RouteSelector.nextProxy(RouteSelector.java:135) ~[okhttp-3.14.1.jar:na]
	at okhttp3.internal.connection.RouteSelector.next(RouteSelector.java:84) ~[okhttp-3.14.1.jar:na]
	at okhttp3.internal.connection.ExchangeFinder.findConnection(ExchangeFinder.java:187) ~[okhttp-3.14.1.jar:na]
	at okhttp3.internal.connection.ExchangeFinder.findHealthyConnection(ExchangeFinder.java:107) ~[okhttp-3.14.1.jar:na]
	at okhttp3.internal.connection.ExchangeFinder.find(ExchangeFinder.java:87) ~[okhttp-3.14.1.jar:na]
	at okhttp3.internal.connection.Transmitter.newExchange(Transmitter.java:169) ~[okhttp-3.14.1.jar:na]
	at okhttp3.internal.connection.ConnectInterceptor.intercept(ConnectInterceptor.java:41) ~[okhttp-3.14.1.jar:na]
	at okhttp3.internal.http.RealInterceptorChain.proceed(RealInterceptorChain.java:142) ~[okhttp-3.14.1.jar:na]
	at okhttp3.internal.http.RealInterceptorChain.proceed(RealInterceptorChain.java:117) ~[okhttp-3.14.1.jar:na]
	at okhttp3.internal.cache.CacheInterceptor.intercept(CacheInterceptor.java:94) ~[okhttp-3.14.1.jar:na]
	at okhttp3.internal.http.RealInterceptorChain.proceed(RealInterceptorChain.java:142) ~[okhttp-3.14.1.jar:na]
	at okhttp3.internal.http.RealInterceptorChain.proceed(RealInterceptorChain.java:117) ~[okhttp-3.14.1.jar:na]
	at okhttp3.internal.http.BridgeInterceptor.intercept(BridgeInterceptor.java:93) ~[okhttp-3.14.1.jar:na]
	at okhttp3.internal.http.RealInterceptorChain.proceed(RealInterceptorChain.java:142) ~[okhttp-3.14.1.jar:na]
	at okhttp3.internal.http.RetryAndFollowUpInterceptor.intercept(RetryAndFollowUpInterceptor.java:88) ~[okhttp-3.14.1.jar:na]
	at okhttp3.internal.http.RealInterceptorChain.proceed(RealInterceptorChain.java:142) ~[okhttp-3.14.1.jar:na]
	at okhttp3.internal.http.RealInterceptorChain.proceed(RealInterceptorChain.java:117) ~[okhttp-3.14.1.jar:na]
	at okhttp3.RealCall.getResponseWithInterceptorChain(RealCall.java:221) ~[okhttp-3.14.1.jar:na]
	at okhttp3.RealCall.execute(RealCall.java:81) ~[okhttp-3.14.1.jar:na]
	at io.takari.aether.okhttp.OkHttpAetherClient.execute(OkHttpAetherClient.java:215) ~[aether-connector-okhttp-0.17.6.jar:0.17.6]
	at io.takari.aether.okhttp.OkHttpAetherClient.get(OkHttpAetherClient.java:161) ~[aether-connector-okhttp-0.17.6.jar:0.17.6]
	at io.takari.aether.connector.AetherRepositoryConnector$GetTask.getResponse(AetherRepositoryConnector.java:626) ~[aether-connector-okhttp-0.17.6.jar:0.17.6]
	at io.takari.aether.connector.AetherRepositoryConnector$GetTask.resumableGet(AetherRepositoryConnector.java:571) ~[aether-connector-okhttp-0.17.6.jar:0.17.6]
	at io.takari.aether.connector.AetherRepositoryConnector$GetTask.run(AetherRepositoryConnector.java:452) ~[aether-connector-okhttp-0.17.6.jar:0.17.6]
	at io.takari.aether.connector.AetherRepositoryConnector.get(AetherRepositoryConnector.java:303) ~[aether-connector-okhttp-0.17.6.jar:0.17.6]
	... 24 common frames omitted
2021-04-19 20:59:26,004 [Worker-16: Loading pom.xml] ERROR o.e.m.editor.pom.DependencyTreePage - Project read error
org.eclipse.core.runtime.CoreException: Project read error
	at org.eclipse.m2e.core.embedder.MavenModelManager.readDependencyTree(MavenModelManager.java:234) ~[na:na]
	at org.eclipse.m2e.core.embedder.MavenModelManager$1.call(MavenModelManager.java:187) ~[na:na]
	at org.eclipse.m2e.core.embedder.MavenModelManager$1.call(MavenModelManager.java:1) ~[na:na]
	at org.eclipse.m2e.core.internal.embedder.MavenExecutionContext.executeBare(MavenExecutionContext.java:177) ~[na:na]
	at org.eclipse.m2e.core.internal.embedder.MavenExecutionContext.execute(MavenExecutionContext.java:151) ~[na:na]
	at org.eclipse.m2e.core.internal.embedder.MavenExecutionContext.execute(MavenExecutionContext.java:99) ~[na:na]
	at org.eclipse.m2e.core.internal.embedder.MavenImpl.execute(MavenImpl.java:1374) ~[na:na]
	at org.eclipse.m2e.core.embedder.MavenModelManager.readDependencyTree(MavenModelManager.java:191) ~[na:na]
	at org.eclipse.m2e.editor.pom.MavenPomEditor.readDependencyTree(MavenPomEditor.java:695) ~[na:na]
	at org.eclipse.m2e.editor.pom.DependencyTreePage$1.run(DependencyTreePage.java:222) ~[na:na]
	at org.eclipse.core.internal.jobs.Worker.run(Worker.java:63) [org.eclipse.core.jobs_3.10.400.v20190506-1457.jar:na]
Caused by: org.eclipse.aether.collection.DependencyCollectionException: Failed to collect dependencies at org.primefaces:primefaces:jar:10.0.0
	at org.eclipse.aether.internal.impl.collect.DefaultDependencyCollector.collectDependencies(DefaultDependencyCollector.java:284) ~[na:na]
	at org.eclipse.aether.internal.impl.DefaultRepositorySystem.collectDependencies(DefaultRepositorySystem.java:279) ~[na:na]
	at org.eclipse.m2e.core.embedder.MavenModelManager.readDependencyTree(MavenModelManager.java:230) ~[na:na]
	... 10 common frames omitted
Caused by: org.eclipse.aether.resolution.ArtifactDescriptorException: Failed to read artifact descriptor for org.primefaces:primefaces:jar:10.0.0
	at org.apache.maven.repository.internal.DefaultArtifactDescriptorReader.loadPom(DefaultArtifactDescriptorReader.java:255) ~[na:na]
	at org.apache.maven.repository.internal.DefaultArtifactDescriptorReader.readArtifactDescriptor(DefaultArtifactDescriptorReader.java:171) ~[na:na]
	at org.eclipse.aether.internal.impl.collect.DefaultDependencyCollector.resolveCachedArtifactDescriptor(DefaultDependencyCollector.java:530) ~[na:na]
	at org.eclipse.aether.internal.impl.collect.DefaultDependencyCollector.getArtifactDescriptorResult(DefaultDependencyCollector.java:515) ~[na:na]
	at org.eclipse.aether.internal.impl.collect.DefaultDependencyCollector.processDependency(DefaultDependencyCollector.java:403) ~[na:na]
	at org.eclipse.aether.internal.impl.collect.DefaultDependencyCollector.processDependency(DefaultDependencyCollector.java:356) ~[na:na]
	at org.eclipse.aether.internal.impl.collect.DefaultDependencyCollector.process(DefaultDependencyCollector.java:344) ~[na:na]
	at org.eclipse.aether.internal.impl.collect.DefaultDependencyCollector.collectDependencies(DefaultDependencyCollector.java:247) ~[na:na]
	... 12 common frames omitted
Caused by: org.eclipse.aether.resolution.ArtifactResolutionException: Could not transfer artifact org.primefaces:primefaces:pom:10.0.0 from/to central (http://fiaprepodevops.fiap.com.br:8040/artifactory/libs-release): fiaprepodevops.fiap.com.br
	at org.eclipse.aether.internal.impl.DefaultArtifactResolver.resolve(DefaultArtifactResolver.java:423) ~[na:na]
	at org.eclipse.aether.internal.impl.DefaultArtifactResolver.resolveArtifacts(DefaultArtifactResolver.java:225) ~[na:na]
	at org.eclipse.aether.internal.impl.DefaultArtifactResolver.resolveArtifact(DefaultArtifactResolver.java:202) ~[na:na]
	at org.apache.maven.repository.internal.DefaultArtifactDescriptorReader.loadPom(DefaultArtifactDescriptorReader.java:240) ~[na:na]
	... 19 common frames omitted
Caused by: org.eclipse.aether.transfer.ArtifactTransferException: Could not transfer artifact org.primefaces:primefaces:pom:10.0.0 from/to central (http://fiaprepodevops.fiap.com.br:8040/artifactory/libs-release): fiaprepodevops.fiap.com.br
	at io.takari.aether.connector.AetherRepositoryConnector$2.wrap(AetherRepositoryConnector.java:856) ~[na:na]
	at io.takari.aether.connector.AetherRepositoryConnector$2.wrap(AetherRepositoryConnector.java:1) ~[na:na]
	at io.takari.aether.connector.AetherRepositoryConnector$GetTask.flush(AetherRepositoryConnector.java:630) ~[na:na]
	at io.takari.aether.connector.AetherRepositoryConnector.get(AetherRepositoryConnector.java:309) ~[na:na]
	at org.eclipse.aether.internal.impl.DefaultArtifactResolver.performDownloads(DefaultArtifactResolver.java:499) ~[na:na]
	at org.eclipse.aether.internal.impl.DefaultArtifactResolver.resolve(DefaultArtifactResolver.java:400) ~[na:na]
	... 22 common frames omitted
Caused by: java.net.UnknownHostException: fiaprepodevops.fiap.com.br
	at java.net.InetAddress.getAllByName0(Unknown Source) ~[na:1.8.0_212]
	at java.net.InetAddress.getAllByName(Unknown Source) ~[na:1.8.0_212]
	at java.net.InetAddress.getAllByName(Unknown Source) ~[na:1.8.0_212]
	at okhttp3.Dns.lambda$static$0(Dns.java:39) ~[na:na]
	at okhttp3.internal.connection.RouteSelector.resetNextInetSocketAddress(RouteSelector.java:171) ~[na:na]
	at okhttp3.internal.connection.RouteSelector.nextProxy(RouteSelector.java:135) ~[na:na]
	at okhttp3.internal.connection.RouteSelector.next(RouteSelector.java:84) ~[na:na]
	at okhttp3.internal.connection.ExchangeFinder.findConnection(ExchangeFinder.java:187) ~[na:na]
	at okhttp3.internal.connection.ExchangeFinder.findHealthyConnection(ExchangeFinder.java:107) ~[na:na]
	at okhttp3.internal.connection.ExchangeFinder.find(ExchangeFinder.java:87) ~[na:na]
	at okhttp3.internal.connection.Transmitter.newExchange(Transmitter.java:169) ~[na:na]
	at okhttp3.internal.connection.ConnectInterceptor.intercept(ConnectInterceptor.java:41) ~[na:na]
	at okhttp3.internal.http.RealInterceptorChain.proceed(RealInterceptorChain.java:142) ~[na:na]
	at okhttp3.internal.http.RealInterceptorChain.proceed(RealInterceptorChain.java:117) ~[na:na]
	at okhttp3.internal.cache.CacheInterceptor.intercept(CacheInterceptor.java:94) ~[na:na]
	at okhttp3.internal.http.RealInterceptorChain.proceed(RealInterceptorChain.java:142) ~[na:na]
	at okhttp3.internal.http.RealInterceptorChain.proceed(RealInterceptorChain.java:117) ~[na:na]
	at okhttp3.internal.http.BridgeInterceptor.intercept(BridgeInterceptor.java:93) ~[na:na]
	at okhttp3.internal.http.RealInterceptorChain.proceed(RealInterceptorChain.java:142) ~[na:na]
	at okhttp3.internal.http.RetryAndFollowUpInterceptor.intercept(RetryAndFollowUpInterceptor.java:88) ~[na:na]
	at okhttp3.internal.http.RealInterceptorChain.proceed(RealInterceptorChain.java:142) ~[na:na]
	at okhttp3.internal.http.RealInterceptorChain.proceed(RealInterceptorChain.java:117) ~[na:na]
	at okhttp3.RealCall.getResponseWithInterceptorChain(RealCall.java:221) ~[na:na]
	at okhttp3.RealCall.execute(RealCall.java:81) ~[na:na]
	at io.takari.aether.okhttp.OkHttpAetherClient.execute(OkHttpAetherClient.java:215) ~[na:na]
	at io.takari.aether.okhttp.OkHttpAetherClient.get(OkHttpAetherClient.java:161) ~[na:na]
	at io.takari.aether.connector.AetherRepositoryConnector$GetTask.getResponse(AetherRepositoryConnector.java:626) ~[na:na]
	at io.takari.aether.connector.AetherRepositoryConnector$GetTask.resumableGet(AetherRepositoryConnector.java:571) ~[na:na]
	at io.takari.aether.connector.AetherRepositoryConnector$GetTask.run(AetherRepositoryConnector.java:452) ~[na:na]
	at io.takari.aether.connector.AetherRepositoryConnector.get(AetherRepositoryConnector.java:303) ~[na:na]
	... 24 common frames omitted
2021-04-19 20:59:27,332 [Worker-16: Loading Effective POM...] INFO  o.e.m.c.i.e.AbstractTransferListenerAdapter - Downloaded http://fiaprepodevops.fiap.com.br:8040/artifactory/libs-release/org/jboss/spec/jboss-javaee-6.0/3.0.3.Final/jboss-javaee-6.0-3.0.3.Final.pom
2021-04-19 20:59:27,333 [Worker-16: Loading Effective POM...] WARN  o.e.a.i.impl.TrackingFileManager - Failed to create parent directories for tracking file C:\Users\logonrmlocal\.m2\repository\org\jboss\spec\jboss-javaee-6.0\3.0.3.Final\jboss-javaee-6.0-3.0.3.Final.pom.lastUpdated
2021-04-19 20:59:27,337 [Worker-16: Loading Effective POM...] INFO  o.e.m.c.i.e.AbstractTransferListenerAdapter - Downloaded http://fiaprepodevops.fiap.com.br:8040/artifactory/libs-snapshot/org/jboss/spec/jboss-javaee-6.0/3.0.3.Final/jboss-javaee-6.0-3.0.3.Final.pom
2021-04-19 20:59:27,338 [Worker-16: Loading Effective POM...] WARN  o.e.a.i.impl.TrackingFileManager - Failed to create parent directories for tracking file C:\Users\logonrmlocal\.m2\repository\org\jboss\spec\jboss-javaee-6.0\3.0.3.Final\jboss-javaee-6.0-3.0.3.Final.pom.lastUpdated
2021-04-19 21:02:31,000 [Worker-15: Loading Effective POM...] INFO  o.e.m.c.i.e.AbstractTransferListenerAdapter - Downloaded http://fiaprepodevops.fiap.com.br:8040/artifactory/libs-release/org/jboss/spec/jboss-javaee-6.0/3.0.3.Final/jboss-javaee-6.0-3.0.3.Final.pom
2021-04-19 21:02:31,001 [Worker-15: Loading Effective POM...] WARN  o.e.a.i.impl.TrackingFileManager - Failed to create parent directories for tracking file C:\Users\logonrmlocal\.m2\repository\org\jboss\spec\jboss-javaee-6.0\3.0.3.Final\jboss-javaee-6.0-3.0.3.Final.pom.lastUpdated
2021-04-19 21:02:31,006 [Worker-15: Loading Effective POM...] INFO  o.e.m.c.i.e.AbstractTransferListenerAdapter - Downloaded http://fiaprepodevops.fiap.com.br:8040/artifactory/libs-snapshot/org/jboss/spec/jboss-javaee-6.0/3.0.3.Final/jboss-javaee-6.0-3.0.3.Final.pom
2021-04-19 21:02:31,007 [Worker-15: Loading Effective POM...] WARN  o.e.a.i.impl.TrackingFileManager - Failed to create parent directories for tracking file C:\Users\logonrmlocal\.m2\repository\org\jboss\spec\jboss-javaee-6.0\3.0.3.Final\jboss-javaee-6.0-3.0.3.Final.pom.lastUpdated
2021-04-19 21:02:34,796 [Worker-5: Loading Effective POM...] INFO  o.e.m.c.i.e.AbstractTransferListenerAdapter - Downloaded http://fiaprepodevops.fiap.com.br:8040/artifactory/libs-release/org/jboss/spec/jboss-javaee-6.0/3.0.3.Final/jboss-javaee-6.0-3.0.3.Final.pom
2021-04-19 21:02:34,797 [Worker-5: Loading Effective POM...] WARN  o.e.a.i.impl.TrackingFileManager - Failed to create parent directories for tracking file C:\Users\logonrmlocal\.m2\repository\org\jboss\spec\jboss-javaee-6.0\3.0.3.Final\jboss-javaee-6.0-3.0.3.Final.pom.lastUpdated
2021-04-19 21:02:34,801 [Worker-5: Loading Effective POM...] INFO  o.e.m.c.i.e.AbstractTransferListenerAdapter - Downloaded http://fiaprepodevops.fiap.com.br:8040/artifactory/libs-snapshot/org/jboss/spec/jboss-javaee-6.0/3.0.3.Final/jboss-javaee-6.0-3.0.3.Final.pom
2021-04-19 21:02:34,803 [Worker-5: Loading Effective POM...] WARN  o.e.a.i.impl.TrackingFileManager - Failed to create parent directories for tracking file C:\Users\logonrmlocal\.m2\repository\org\jboss\spec\jboss-javaee-6.0\3.0.3.Final\jboss-javaee-6.0-3.0.3.Final.pom.lastUpdated
